{"/Users/chinmayajena/work/react/bookstore/src/index.js": {"path":"/Users/chinmayajena/work/react/bookstore/src/index.js","statementMap":{"0":{"start":{"line":13,"column":14},"end":{"line":16,"column":1}},"1":{"start":{"line":17,"column":0},"end":{"line":22,"column":2}}},"fnMap":{},"branchMap":{},"s":{"0":0,"1":0},"f":{},"b":{}}
,"/Users/chinmayajena/work/react/bookstore/src/setupTests.js": {"path":"/Users/chinmayajena/work/react/bookstore/src/setupTests.js","statementMap":{"0":{"start":{"line":4,"column":0},"end":{"line":7,"column":3}}},"fnMap":{},"branchMap":{},"s":{"0":0},"f":{},"b":{}}
,"/Users/chinmayajena/work/react/bookstore/src/actions/actionCreators.js": {"path":"/Users/chinmayajena/work/react/bookstore/src/actions/actionCreators.js","statementMap":{"0":{"start":{"line":12,"column":13},"end":{"line":12,"column":14}},"1":{"start":{"line":14,"column":23},"end":{"line":30,"column":2}},"2":{"start":{"line":21,"column":7},"end":{"line":30,"column":1}},"3":{"start":{"line":32,"column":26},"end":{"line":35,"column":2}},"4":{"start":{"line":32,"column":33},"end":{"line":35,"column":1}},"5":{"start":{"line":37,"column":26},"end":{"line":54,"column":2}},"6":{"start":{"line":45,"column":7},"end":{"line":54,"column":1}},"7":{"start":{"line":56,"column":34},"end":{"line":59,"column":2}},"8":{"start":{"line":56,"column":41},"end":{"line":59,"column":1}},"9":{"start":{"line":61,"column":28},"end":{"line":64,"column":2}},"10":{"start":{"line":61,"column":35},"end":{"line":64,"column":1}},"11":{"start":{"line":66,"column":22},"end":{"line":69,"column":2}},"12":{"start":{"line":66,"column":35},"end":{"line":69,"column":1}},"13":{"start":{"line":71,"column":25},"end":{"line":74,"column":2}},"14":{"start":{"line":71,"column":39},"end":{"line":74,"column":1}},"15":{"start":{"line":76,"column":22},"end":{"line":79,"column":2}},"16":{"start":{"line":76,"column":33},"end":{"line":79,"column":1}}},"fnMap":{"0":{"name":"(anonymous_0)","decl":{"start":{"line":14,"column":23},"end":{"line":14,"column":24}},"loc":{"start":{"line":21,"column":7},"end":{"line":30,"column":1}},"line":21},"1":{"name":"(anonymous_1)","decl":{"start":{"line":32,"column":26},"end":{"line":32,"column":27}},"loc":{"start":{"line":32,"column":33},"end":{"line":35,"column":1}},"line":32},"2":{"name":"(anonymous_2)","decl":{"start":{"line":37,"column":26},"end":{"line":37,"column":27}},"loc":{"start":{"line":45,"column":7},"end":{"line":54,"column":1}},"line":45},"3":{"name":"(anonymous_3)","decl":{"start":{"line":56,"column":34},"end":{"line":56,"column":35}},"loc":{"start":{"line":56,"column":41},"end":{"line":59,"column":1}},"line":56},"4":{"name":"(anonymous_4)","decl":{"start":{"line":61,"column":28},"end":{"line":61,"column":29}},"loc":{"start":{"line":61,"column":35},"end":{"line":64,"column":1}},"line":61},"5":{"name":"(anonymous_5)","decl":{"start":{"line":66,"column":22},"end":{"line":66,"column":23}},"loc":{"start":{"line":66,"column":35},"end":{"line":69,"column":1}},"line":66},"6":{"name":"(anonymous_6)","decl":{"start":{"line":71,"column":25},"end":{"line":71,"column":26}},"loc":{"start":{"line":71,"column":39},"end":{"line":74,"column":1}},"line":71},"7":{"name":"(anonymous_7)","decl":{"start":{"line":76,"column":22},"end":{"line":76,"column":23}},"loc":{"start":{"line":76,"column":33},"end":{"line":79,"column":1}},"line":76}},"branchMap":{},"s":{"0":2,"1":2,"2":1,"3":2,"4":1,"5":2,"6":1,"7":2,"8":1,"9":2,"10":1,"11":2,"12":1,"13":2,"14":1,"15":2,"16":1},"f":{"0":1,"1":1,"2":1,"3":1,"4":1,"5":1,"6":1,"7":1},"b":{},"_coverageSchema":"43e27e138ebf9cfc5966b082cf9a028302ed4184","hash":"510c7ef53ee39cffcdc4305e5a0688b168880ec6"}
,"/Users/chinmayajena/work/react/bookstore/src/actions/actionTypes.js": {"path":"/Users/chinmayajena/work/react/bookstore/src/actions/actionTypes.js","statementMap":{"0":{"start":{"line":1,"column":24},"end":{"line":1,"column":34}},"1":{"start":{"line":2,"column":27},"end":{"line":2,"column":40}},"2":{"start":{"line":3,"column":36},"end":{"line":3,"column":58}},"3":{"start":{"line":4,"column":29},"end":{"line":4,"column":44}},"4":{"start":{"line":5,"column":27},"end":{"line":5,"column":40}},"5":{"start":{"line":6,"column":26},"end":{"line":6,"column":38}},"6":{"start":{"line":7,"column":23},"end":{"line":7,"column":32}},"7":{"start":{"line":8,"column":28},"end":{"line":8,"column":42}},"8":{"start":{"line":9,"column":26},"end":{"line":9,"column":38}}},"fnMap":{},"branchMap":{},"s":{"0":4,"1":4,"2":4,"3":4,"4":4,"5":4,"6":4,"7":4,"8":4},"f":{},"b":{},"_coverageSchema":"43e27e138ebf9cfc5966b082cf9a028302ed4184","hash":"7367ef59316be4f2bd6b724997da32e95ac523ea"}
,"/Users/chinmayajena/work/react/bookstore/src/components/App.js": {"path":"/Users/chinmayajena/work/react/bookstore/src/components/App.js","statementMap":{"0":{"start":{"line":18,"column":12},"end":{"line":58,"column":1}},"1":{"start":{"line":19,"column":2},"end":{"line":57,"column":4}}},"fnMap":{"0":{"name":"(anonymous_0)","decl":{"start":{"line":18,"column":12},"end":{"line":18,"column":13}},"loc":{"start":{"line":18,"column":18},"end":{"line":58,"column":1}},"line":18}},"branchMap":{},"s":{"0":1,"1":1},"f":{"0":1},"b":{},"_coverageSchema":"43e27e138ebf9cfc5966b082cf9a028302ed4184","hash":"0bd2a38d5b78a3cfdef371f03ff8ab955e87db24"}
,"/Users/chinmayajena/work/react/bookstore/src/components/CreateBookForm.js": {"path":"/Users/chinmayajena/work/react/bookstore/src/components/CreateBookForm.js","statementMap":{"0":{"start":{"line":4,"column":24},"end":{"line":97,"column":1}},"1":{"start":{"line":5,"column":27},"end":{"line":5,"column":32}},"2":{"start":{"line":6,"column":2},"end":{"line":96,"column":4}},"3":{"start":{"line":99,"column":24},"end":{"line":110,"column":1}},"4":{"start":{"line":100,"column":17},"end":{"line":100,"column":19}},"5":{"start":{"line":101,"column":2},"end":{"line":104,"column":3}},"6":{"start":{"line":102,"column":4},"end":{"line":102,"column":41}},"7":{"start":{"line":103,"column":4},"end":{"line":103,"column":33}},"8":{"start":{"line":105,"column":2},"end":{"line":108,"column":3}},"9":{"start":{"line":106,"column":4},"end":{"line":106,"column":43}},"10":{"start":{"line":107,"column":4},"end":{"line":107,"column":35}},"11":{"start":{"line":109,"column":2},"end":{"line":109,"column":16}},"12":{"start":{"line":112,"column":27},"end":{"line":132,"column":1}},"13":{"start":{"line":118,"column":2},"end":{"line":131,"column":8}},"14":{"start":{"line":134,"column":21},"end":{"line":139,"column":14}}},"fnMap":{"0":{"name":"(anonymous_0)","decl":{"start":{"line":4,"column":24},"end":{"line":4,"column":25}},"loc":{"start":{"line":4,"column":33},"end":{"line":97,"column":1}},"line":4},"1":{"name":"(anonymous_1)","decl":{"start":{"line":99,"column":24},"end":{"line":99,"column":25}},"loc":{"start":{"line":99,"column":31},"end":{"line":110,"column":1}},"line":99},"2":{"name":"(anonymous_2)","decl":{"start":{"line":112,"column":27},"end":{"line":112,"column":28}},"loc":{"start":{"line":118,"column":2},"end":{"line":131,"column":8}},"line":118}},"branchMap":{"0":{"loc":{"start":{"line":101,"column":2},"end":{"line":104,"column":3}},"type":"if","locations":[{"start":{"line":101,"column":2},"end":{"line":104,"column":3}},{"start":{"line":101,"column":2},"end":{"line":104,"column":3}}],"line":101},"1":{"loc":{"start":{"line":105,"column":2},"end":{"line":108,"column":3}},"type":"if","locations":[{"start":{"line":105,"column":2},"end":{"line":108,"column":3}},{"start":{"line":105,"column":2},"end":{"line":108,"column":3}}],"line":105},"2":{"loc":{"start":{"line":127,"column":7},"end":{"line":129,"column":46}},"type":"binary-expr","locations":[{"start":{"line":127,"column":7},"end":{"line":127,"column":14}},{"start":{"line":128,"column":10},"end":{"line":128,"column":15}},{"start":{"line":128,"column":19},"end":{"line":128,"column":39}},{"start":{"line":129,"column":11},"end":{"line":129,"column":18}},{"start":{"line":129,"column":22},"end":{"line":129,"column":44}}],"line":127}},"s":{"0":2,"1":3,"2":3,"3":2,"4":0,"5":0,"6":0,"7":0,"8":0,"9":0,"10":0,"11":0,"12":2,"13":1,"14":2},"f":{"0":3,"1":0,"2":1},"b":{"0":[0,0],"1":[0,0],"2":[1,0,0,0,0]},"_coverageSchema":"43e27e138ebf9cfc5966b082cf9a028302ed4184","hash":"9f549104ca3a4d0799f376002f236032e0652890"}
,"/Users/chinmayajena/work/react/bookstore/src/components/ErrorBoundary.js": {"path":"/Users/chinmayajena/work/react/bookstore/src/components/ErrorBoundary.js","statementMap":{"0":{"start":{"line":5,"column":4},"end":{"line":5,"column":17}},"1":{"start":{"line":6,"column":4},"end":{"line":6,"column":50}},"2":{"start":{"line":10,"column":4},"end":{"line":13,"column":7}},"3":{"start":{"line":17,"column":4},"end":{"line":28,"column":5}},"4":{"start":{"line":18,"column":6},"end":{"line":27,"column":8}},"5":{"start":{"line":29,"column":4},"end":{"line":29,"column":31}}},"fnMap":{"0":{"name":"(anonymous_0)","decl":{"start":{"line":4,"column":2},"end":{"line":4,"column":3}},"loc":{"start":{"line":4,"column":21},"end":{"line":7,"column":3}},"line":4},"1":{"name":"(anonymous_1)","decl":{"start":{"line":9,"column":2},"end":{"line":9,"column":3}},"loc":{"start":{"line":9,"column":38},"end":{"line":14,"column":3}},"line":9},"2":{"name":"(anonymous_2)","decl":{"start":{"line":16,"column":2},"end":{"line":16,"column":3}},"loc":{"start":{"line":16,"column":11},"end":{"line":30,"column":3}},"line":16}},"branchMap":{"0":{"loc":{"start":{"line":17,"column":4},"end":{"line":28,"column":5}},"type":"if","locations":[{"start":{"line":17,"column":4},"end":{"line":28,"column":5}},{"start":{"line":17,"column":4},"end":{"line":28,"column":5}}],"line":17},"1":{"loc":{"start":{"line":22,"column":13},"end":{"line":22,"column":60}},"type":"binary-expr","locations":[{"start":{"line":22,"column":13},"end":{"line":22,"column":29}},{"start":{"line":22,"column":33},"end":{"line":22,"column":60}}],"line":22}},"s":{"0":0,"1":0,"2":0,"3":0,"4":0,"5":0},"f":{"0":0,"1":0,"2":0},"b":{"0":[0,0],"1":[0,0]},"_coverageSchema":"43e27e138ebf9cfc5966b082cf9a028302ed4184","hash":"fe79d4c6d18f8131b73da330b138e550be1c7a3f"}
,"/Users/chinmayajena/work/react/bookstore/src/containers/AddBook.js": {"path":"/Users/chinmayajena/work/react/bookstore/src/containers/AddBook.js","statementMap":{"0":{"start":{"line":11,"column":24},"end":{"line":11,"column":34}},"1":{"start":{"line":12,"column":4},"end":{"line":12,"column":20}},"2":{"start":{"line":13,"column":4},"end":{"line":13,"column":33}},"3":{"start":{"line":17,"column":4},"end":{"line":21,"column":6}},"4":{"start":{"line":25,"column":27},"end":{"line":32,"column":1}},"5":{"start":{"line":26,"column":2},"end":{"line":31,"column":4}}},"fnMap":{"0":{"name":"(anonymous_0)","decl":{"start":{"line":10,"column":21},"end":{"line":10,"column":22}},"loc":{"start":{"line":10,"column":31},"end":{"line":14,"column":3}},"line":10},"1":{"name":"(anonymous_1)","decl":{"start":{"line":16,"column":2},"end":{"line":16,"column":3}},"loc":{"start":{"line":16,"column":11},"end":{"line":22,"column":3}},"line":16},"2":{"name":"(anonymous_2)","decl":{"start":{"line":25,"column":27},"end":{"line":25,"column":28}},"loc":{"start":{"line":25,"column":39},"end":{"line":32,"column":1}},"line":25}},"branchMap":{},"s":{"0":0,"1":0,"2":0,"3":0,"4":1,"5":0},"f":{"0":0,"1":0,"2":0},"b":{},"_coverageSchema":"43e27e138ebf9cfc5966b082cf9a028302ed4184","hash":"22fff14504f3888fa5c5a864fc9d84bce9cafa4c"}
,"/Users/chinmayajena/work/react/bookstore/src/containers/BookStoreFilter.js": {"path":"/Users/chinmayajena/work/react/bookstore/src/containers/BookStoreFilter.js","statementMap":{"0":{"start":{"line":9,"column":68},"end":{"line":9,"column":78}},"1":{"start":{"line":11,"column":4},"end":{"line":39,"column":6}},"2":{"start":{"line":16,"column":25},"end":{"line":16,"column":47}},"3":{"start":{"line":27,"column":24},"end":{"line":27,"column":43}},"4":{"start":{"line":35,"column":25},"end":{"line":35,"column":47}},"5":{"start":{"line":43,"column":24},"end":{"line":47,"column":1}},"6":{"start":{"line":44,"column":2},"end":{"line":46,"column":4}},"7":{"start":{"line":50,"column":2},"end":{"line":50,"column":69}}},"fnMap":{"0":{"name":"(anonymous_0)","decl":{"start":{"line":8,"column":2},"end":{"line":8,"column":3}},"loc":{"start":{"line":8,"column":11},"end":{"line":40,"column":3}},"line":8},"1":{"name":"(anonymous_1)","decl":{"start":{"line":16,"column":20},"end":{"line":16,"column":21}},"loc":{"start":{"line":16,"column":25},"end":{"line":16,"column":47}},"line":16},"2":{"name":"(anonymous_2)","decl":{"start":{"line":27,"column":19},"end":{"line":27,"column":20}},"loc":{"start":{"line":27,"column":24},"end":{"line":27,"column":43}},"line":27},"3":{"name":"(anonymous_3)","decl":{"start":{"line":35,"column":20},"end":{"line":35,"column":21}},"loc":{"start":{"line":35,"column":25},"end":{"line":35,"column":47}},"line":35},"4":{"name":"(anonymous_4)","decl":{"start":{"line":43,"column":24},"end":{"line":43,"column":25}},"loc":{"start":{"line":43,"column":33},"end":{"line":47,"column":1}},"line":43},"5":{"name":"mapDispatchToProps","decl":{"start":{"line":49,"column":9},"end":{"line":49,"column":27}},"loc":{"start":{"line":49,"column":38},"end":{"line":51,"column":1}},"line":49}},"branchMap":{},"s":{"0":0,"1":0,"2":0,"3":0,"4":0,"5":1,"6":0,"7":0},"f":{"0":0,"1":0,"2":0,"3":0,"4":0,"5":0},"b":{},"_coverageSchema":"43e27e138ebf9cfc5966b082cf9a028302ed4184","hash":"ccc825c378ad85683e16c93488ebc1c260985b3a"}
,"/Users/chinmayajena/work/react/bookstore/src/containers/BookStoreGridView.js": {"path":"/Users/chinmayajena/work/react/bookstore/src/containers/BookStoreGridView.js","statementMap":{"0":{"start":{"line":15,"column":4},"end":{"line":15,"column":17}},"1":{"start":{"line":19,"column":27},"end":{"line":19,"column":37}},"2":{"start":{"line":20,"column":4},"end":{"line":20,"column":19}},"3":{"start":{"line":24,"column":35},"end":{"line":24,"column":45}},"4":{"start":{"line":25,"column":4},"end":{"line":25,"column":27}},"5":{"start":{"line":26,"column":4},"end":{"line":26,"column":41}},"6":{"start":{"line":30,"column":29},"end":{"line":30,"column":39}},"7":{"start":{"line":31,"column":4},"end":{"line":31,"column":21}},"8":{"start":{"line":35,"column":16},"end":{"line":35,"column":17}},"9":{"start":{"line":37,"column":21},"end":{"line":81,"column":6}},"10":{"start":{"line":38,"column":6},"end":{"line":80,"column":8}},"11":{"start":{"line":58,"column":33},"end":{"line":58,"column":58}},"12":{"start":{"line":64,"column":33},"end":{"line":64,"column":58}},"13":{"start":{"line":71,"column":33},"end":{"line":71,"column":60}},"14":{"start":{"line":82,"column":4},"end":{"line":99,"column":6}},"15":{"start":{"line":103,"column":24},"end":{"line":112,"column":1}},"16":{"start":{"line":104,"column":2},"end":{"line":111,"column":4}},"17":{"start":{"line":114,"column":27},"end":{"line":123,"column":1}},"18":{"start":{"line":115,"column":2},"end":{"line":122,"column":4}}},"fnMap":{"0":{"name":"(anonymous_0)","decl":{"start":{"line":14,"column":2},"end":{"line":14,"column":3}},"loc":{"start":{"line":14,"column":21},"end":{"line":16,"column":3}},"line":14},"1":{"name":"(anonymous_1)","decl":{"start":{"line":18,"column":15},"end":{"line":18,"column":16}},"loc":{"start":{"line":18,"column":21},"end":{"line":21,"column":3}},"line":18},"2":{"name":"(anonymous_2)","decl":{"start":{"line":23,"column":13},"end":{"line":23,"column":14}},"loc":{"start":{"line":23,"column":19},"end":{"line":27,"column":3}},"line":23},"3":{"name":"(anonymous_3)","decl":{"start":{"line":29,"column":13},"end":{"line":29,"column":14}},"loc":{"start":{"line":29,"column":19},"end":{"line":32,"column":3}},"line":29},"4":{"name":"(anonymous_4)","decl":{"start":{"line":34,"column":2},"end":{"line":34,"column":3}},"loc":{"start":{"line":34,"column":11},"end":{"line":100,"column":3}},"line":34},"5":{"name":"(anonymous_5)","decl":{"start":{"line":37,"column":42},"end":{"line":37,"column":43}},"loc":{"start":{"line":37,"column":53},"end":{"line":81,"column":5}},"line":37},"6":{"name":"(anonymous_6)","decl":{"start":{"line":58,"column":27},"end":{"line":58,"column":28}},"loc":{"start":{"line":58,"column":33},"end":{"line":58,"column":58}},"line":58},"7":{"name":"(anonymous_7)","decl":{"start":{"line":64,"column":27},"end":{"line":64,"column":28}},"loc":{"start":{"line":64,"column":33},"end":{"line":64,"column":58}},"line":64},"8":{"name":"(anonymous_8)","decl":{"start":{"line":71,"column":27},"end":{"line":71,"column":28}},"loc":{"start":{"line":71,"column":33},"end":{"line":71,"column":60}},"line":71},"9":{"name":"(anonymous_9)","decl":{"start":{"line":103,"column":24},"end":{"line":103,"column":25}},"loc":{"start":{"line":103,"column":33},"end":{"line":112,"column":1}},"line":103},"10":{"name":"(anonymous_10)","decl":{"start":{"line":114,"column":27},"end":{"line":114,"column":28}},"loc":{"start":{"line":114,"column":39},"end":{"line":123,"column":1}},"line":114}},"branchMap":{"0":{"loc":{"start":{"line":67,"column":19},"end":{"line":67,"column":72}},"type":"binary-expr","locations":[{"start":{"line":67,"column":19},"end":{"line":67,"column":39}},{"start":{"line":67,"column":43},"end":{"line":67,"column":72}}],"line":67},"1":{"loc":{"start":{"line":68,"column":19},"end":{"line":68,"column":73}},"type":"binary-expr","locations":[{"start":{"line":68,"column":19},"end":{"line":68,"column":40}},{"start":{"line":68,"column":44},"end":{"line":68,"column":73}}],"line":68},"2":{"loc":{"start":{"line":85,"column":11},"end":{"line":96,"column":11}},"type":"cond-expr","locations":[{"start":{"line":86,"column":12},"end":{"line":86,"column":56}},{"start":{"line":88,"column":12},"end":{"line":95,"column":18}}],"line":85},"3":{"loc":{"start":{"line":85,"column":11},"end":{"line":85,"column":60}},"type":"binary-expr","locations":[{"start":{"line":85,"column":11},"end":{"line":85,"column":27}},{"start":{"line":85,"column":31},"end":{"line":85,"column":60}}],"line":85}},"s":{"0":0,"1":0,"2":0,"3":0,"4":0,"5":0,"6":0,"7":0,"8":0,"9":0,"10":0,"11":0,"12":0,"13":0,"14":0,"15":1,"16":0,"17":1,"18":0},"f":{"0":0,"1":0,"2":0,"3":0,"4":0,"5":0,"6":0,"7":0,"8":0,"9":0,"10":0},"b":{"0":[0,0],"1":[0,0],"2":[0,0],"3":[0,0]},"_coverageSchema":"43e27e138ebf9cfc5966b082cf9a028302ed4184","hash":"183e50533fe47123788bc5d4aaf84ca61cd306e4"}
,"/Users/chinmayajena/work/react/bookstore/src/containers/BookStoreListView.js": {"path":"/Users/chinmayajena/work/react/bookstore/src/containers/BookStoreListView.js","statementMap":{"0":{"start":{"line":13,"column":4},"end":{"line":13,"column":17}},"1":{"start":{"line":17,"column":27},"end":{"line":17,"column":37}},"2":{"start":{"line":18,"column":4},"end":{"line":18,"column":19}},"3":{"start":{"line":22,"column":35},"end":{"line":22,"column":45}},"4":{"start":{"line":23,"column":4},"end":{"line":23,"column":27}},"5":{"start":{"line":24,"column":4},"end":{"line":24,"column":41}},"6":{"start":{"line":28,"column":29},"end":{"line":28,"column":39}},"7":{"start":{"line":29,"column":4},"end":{"line":29,"column":21}},"8":{"start":{"line":33,"column":4},"end":{"line":103,"column":6}},"9":{"start":{"line":52,"column":20},"end":{"line":86,"column":25}},"10":{"start":{"line":67,"column":41},"end":{"line":67,"column":63}},"11":{"start":{"line":73,"column":41},"end":{"line":73,"column":63}},"12":{"start":{"line":80,"column":41},"end":{"line":80,"column":65}},"13":{"start":{"line":107,"column":24},"end":{"line":116,"column":1}},"14":{"start":{"line":108,"column":2},"end":{"line":115,"column":4}},"15":{"start":{"line":118,"column":27},"end":{"line":127,"column":1}},"16":{"start":{"line":119,"column":2},"end":{"line":126,"column":4}}},"fnMap":{"0":{"name":"(anonymous_0)","decl":{"start":{"line":12,"column":2},"end":{"line":12,"column":3}},"loc":{"start":{"line":12,"column":21},"end":{"line":14,"column":3}},"line":12},"1":{"name":"(anonymous_1)","decl":{"start":{"line":16,"column":15},"end":{"line":16,"column":16}},"loc":{"start":{"line":16,"column":21},"end":{"line":19,"column":3}},"line":16},"2":{"name":"(anonymous_2)","decl":{"start":{"line":21,"column":13},"end":{"line":21,"column":14}},"loc":{"start":{"line":21,"column":19},"end":{"line":25,"column":3}},"line":21},"3":{"name":"(anonymous_3)","decl":{"start":{"line":27,"column":13},"end":{"line":27,"column":14}},"loc":{"start":{"line":27,"column":19},"end":{"line":30,"column":3}},"line":27},"4":{"name":"(anonymous_4)","decl":{"start":{"line":32,"column":2},"end":{"line":32,"column":3}},"loc":{"start":{"line":32,"column":11},"end":{"line":104,"column":3}},"line":32},"5":{"name":"(anonymous_5)","decl":{"start":{"line":51,"column":40},"end":{"line":51,"column":41}},"loc":{"start":{"line":52,"column":20},"end":{"line":86,"column":25}},"line":52},"6":{"name":"(anonymous_6)","decl":{"start":{"line":67,"column":35},"end":{"line":67,"column":36}},"loc":{"start":{"line":67,"column":41},"end":{"line":67,"column":63}},"line":67},"7":{"name":"(anonymous_7)","decl":{"start":{"line":73,"column":35},"end":{"line":73,"column":36}},"loc":{"start":{"line":73,"column":41},"end":{"line":73,"column":63}},"line":73},"8":{"name":"(anonymous_8)","decl":{"start":{"line":80,"column":35},"end":{"line":80,"column":36}},"loc":{"start":{"line":80,"column":41},"end":{"line":80,"column":65}},"line":80},"9":{"name":"(anonymous_9)","decl":{"start":{"line":107,"column":24},"end":{"line":107,"column":25}},"loc":{"start":{"line":107,"column":33},"end":{"line":116,"column":1}},"line":107},"10":{"name":"(anonymous_10)","decl":{"start":{"line":118,"column":27},"end":{"line":118,"column":28}},"loc":{"start":{"line":118,"column":39},"end":{"line":127,"column":1}},"line":118}},"branchMap":{"0":{"loc":{"start":{"line":37,"column":13},"end":{"line":99,"column":13}},"type":"cond-expr","locations":[{"start":{"line":38,"column":14},"end":{"line":89,"column":22}},{"start":{"line":91,"column":14},"end":{"line":98,"column":20}}],"line":37},"1":{"loc":{"start":{"line":37,"column":13},"end":{"line":37,"column":62}},"type":"binary-expr","locations":[{"start":{"line":37,"column":13},"end":{"line":37,"column":29}},{"start":{"line":37,"column":33},"end":{"line":37,"column":62}}],"line":37},"2":{"loc":{"start":{"line":59,"column":25},"end":{"line":63,"column":25}},"type":"cond-expr","locations":[{"start":{"line":60,"column":26},"end":{"line":60,"column":55}},{"start":{"line":62,"column":26},"end":{"line":62,"column":55}}],"line":59},"3":{"loc":{"start":{"line":76,"column":27},"end":{"line":76,"column":77}},"type":"binary-expr","locations":[{"start":{"line":76,"column":27},"end":{"line":76,"column":44}},{"start":{"line":76,"column":48},"end":{"line":76,"column":77}}],"line":76},"4":{"loc":{"start":{"line":77,"column":27},"end":{"line":77,"column":78}},"type":"binary-expr","locations":[{"start":{"line":77,"column":27},"end":{"line":77,"column":45}},{"start":{"line":77,"column":49},"end":{"line":77,"column":78}}],"line":77}},"s":{"0":0,"1":0,"2":0,"3":0,"4":0,"5":0,"6":0,"7":0,"8":0,"9":0,"10":0,"11":0,"12":0,"13":1,"14":0,"15":1,"16":0},"f":{"0":0,"1":0,"2":0,"3":0,"4":0,"5":0,"6":0,"7":0,"8":0,"9":0,"10":0},"b":{"0":[0,0],"1":[0,0],"2":[0,0],"3":[0,0],"4":[0,0]},"_coverageSchema":"43e27e138ebf9cfc5966b082cf9a028302ed4184","hash":"e2f900e944d3968a0884515f263b74251378c753"}
,"/Users/chinmayajena/work/react/bookstore/src/containers/EditBook.js": {"path":"/Users/chinmayajena/work/react/bookstore/src/containers/EditBook.js","statementMap":{"0":{"start":{"line":11,"column":27},"end":{"line":11,"column":37}},"1":{"start":{"line":12,"column":4},"end":{"line":12,"column":23}},"2":{"start":{"line":13,"column":4},"end":{"line":13,"column":33}},"3":{"start":{"line":17,"column":4},"end":{"line":24,"column":6}},"4":{"start":{"line":28,"column":27},"end":{"line":35,"column":1}},"5":{"start":{"line":29,"column":2},"end":{"line":34,"column":4}},"6":{"start":{"line":37,"column":27},"end":{"line":40,"column":1}},"7":{"start":{"line":38,"column":16},"end":{"line":38,"column":63}},"8":{"start":{"line":38,"column":42},"end":{"line":38,"column":62}},"9":{"start":{"line":39,"column":2},"end":{"line":39,"column":46}},"10":{"start":{"line":43,"column":12},"end":{"line":48,"column":3}}},"fnMap":{"0":{"name":"(anonymous_0)","decl":{"start":{"line":10,"column":21},"end":{"line":10,"column":22}},"loc":{"start":{"line":10,"column":31},"end":{"line":14,"column":3}},"line":10},"1":{"name":"(anonymous_1)","decl":{"start":{"line":16,"column":2},"end":{"line":16,"column":3}},"loc":{"start":{"line":16,"column":11},"end":{"line":25,"column":3}},"line":16},"2":{"name":"(anonymous_2)","decl":{"start":{"line":28,"column":27},"end":{"line":28,"column":28}},"loc":{"start":{"line":28,"column":39},"end":{"line":35,"column":1}},"line":28},"3":{"name":"(anonymous_3)","decl":{"start":{"line":37,"column":27},"end":{"line":37,"column":28}},"loc":{"start":{"line":37,"column":57},"end":{"line":40,"column":1}},"line":37},"4":{"name":"(anonymous_4)","decl":{"start":{"line":38,"column":34},"end":{"line":38,"column":35}},"loc":{"start":{"line":38,"column":42},"end":{"line":38,"column":62}},"line":38},"5":{"name":"(anonymous_5)","decl":{"start":{"line":43,"column":2},"end":{"line":43,"column":3}},"loc":{"start":{"line":43,"column":12},"end":{"line":48,"column":3}},"line":43}},"branchMap":{"0":{"loc":{"start":{"line":37,"column":40},"end":{"line":37,"column":52}},"type":"default-arg","locations":[{"start":{"line":37,"column":51},"end":{"line":37,"column":52}}],"line":37},"1":{"loc":{"start":{"line":39,"column":9},"end":{"line":39,"column":45}},"type":"cond-expr","locations":[{"start":{"line":39,"column":30},"end":{"line":39,"column":40}},{"start":{"line":39,"column":43},"end":{"line":39,"column":45}}],"line":39}},"s":{"0":0,"1":0,"2":0,"3":0,"4":1,"5":0,"6":1,"7":0,"8":0,"9":0,"10":0},"f":{"0":0,"1":0,"2":0,"3":0,"4":0,"5":0},"b":{"0":[0],"1":[0,0]},"_coverageSchema":"43e27e138ebf9cfc5966b082cf9a028302ed4184","hash":"e60e54a2939c3dc4d098abdc5cc3b4f1f45205aa"}
,"/Users/chinmayajena/work/react/bookstore/src/reducers/BookReducer.js": {"path":"/Users/chinmayajena/work/react/bookstore/src/reducers/BookReducer.js","statementMap":{"0":{"start":{"line":8,"column":21},"end":{"line":55,"column":1}},"1":{"start":{"line":57,"column":20},"end":{"line":105,"column":1}},"2":{"start":{"line":58,"column":20},"end":{"line":58,"column":39}},"3":{"start":{"line":60,"column":2},"end":{"line":104,"column":3}},"4":{"start":{"line":62,"column":6},"end":{"line":73,"column":8}},"5":{"start":{"line":76,"column":6},"end":{"line":76,"column":59}},"6":{"start":{"line":76,"column":34},"end":{"line":76,"column":57}},"7":{"start":{"line":79,"column":24},"end":{"line":79,"column":69}},"8":{"start":{"line":79,"column":45},"end":{"line":79,"column":68}},"9":{"start":{"line":80,"column":26},"end":{"line":80,"column":28}},"10":{"start":{"line":81,"column":6},"end":{"line":84,"column":7}},"11":{"start":{"line":82,"column":28},"end":{"line":82,"column":55}},"12":{"start":{"line":83,"column":8},"end":{"line":83,"column":76}},"13":{"start":{"line":85,"column":6},"end":{"line":85,"column":79}},"14":{"start":{"line":85,"column":38},"end":{"line":85,"column":61}},"15":{"start":{"line":88,"column":25},"end":{"line":88,"column":70}},"16":{"start":{"line":88,"column":46},"end":{"line":88,"column":69}},"17":{"start":{"line":89,"column":6},"end":{"line":100,"column":8}},"18":{"start":{"line":103,"column":6},"end":{"line":103,"column":19}}},"fnMap":{"0":{"name":"(anonymous_0)","decl":{"start":{"line":57,"column":20},"end":{"line":57,"column":21}},"loc":{"start":{"line":57,"column":54},"end":{"line":105,"column":1}},"line":57},"1":{"name":"(anonymous_1)","decl":{"start":{"line":76,"column":26},"end":{"line":76,"column":27}},"loc":{"start":{"line":76,"column":34},"end":{"line":76,"column":57}},"line":76},"2":{"name":"(anonymous_2)","decl":{"start":{"line":79,"column":37},"end":{"line":79,"column":38}},"loc":{"start":{"line":79,"column":45},"end":{"line":79,"column":68}},"line":79},"3":{"name":"(anonymous_3)","decl":{"start":{"line":85,"column":30},"end":{"line":85,"column":31}},"loc":{"start":{"line":85,"column":38},"end":{"line":85,"column":61}},"line":85},"4":{"name":"(anonymous_4)","decl":{"start":{"line":88,"column":38},"end":{"line":88,"column":39}},"loc":{"start":{"line":88,"column":46},"end":{"line":88,"column":69}},"line":88}},"branchMap":{"0":{"loc":{"start":{"line":57,"column":21},"end":{"line":57,"column":41}},"type":"default-arg","locations":[{"start":{"line":57,"column":29},"end":{"line":57,"column":41}}],"line":57},"1":{"loc":{"start":{"line":60,"column":2},"end":{"line":104,"column":3}},"type":"switch","locations":[{"start":{"line":61,"column":4},"end":{"line":73,"column":8}},{"start":{"line":75,"column":4},"end":{"line":76,"column":59}},{"start":{"line":78,"column":4},"end":{"line":85,"column":79}},{"start":{"line":87,"column":4},"end":{"line":100,"column":8}},{"start":{"line":102,"column":4},"end":{"line":103,"column":19}}],"line":60},"2":{"loc":{"start":{"line":71,"column":24},"end":{"line":71,"column":52}},"type":"binary-expr","locations":[{"start":{"line":71,"column":24},"end":{"line":71,"column":43}},{"start":{"line":71,"column":47},"end":{"line":71,"column":52}}],"line":71},"3":{"loc":{"start":{"line":81,"column":6},"end":{"line":84,"column":7}},"type":"if","locations":[{"start":{"line":81,"column":6},"end":{"line":84,"column":7}},{"start":{"line":81,"column":6},"end":{"line":84,"column":7}}],"line":81},"4":{"loc":{"start":{"line":98,"column":24},"end":{"line":98,"column":52}},"type":"binary-expr","locations":[{"start":{"line":98,"column":24},"end":{"line":98,"column":43}},{"start":{"line":98,"column":47},"end":{"line":98,"column":52}}],"line":98}},"s":{"0":1,"1":1,"2":4,"3":4,"4":1,"5":1,"6":1,"7":1,"8":1,"9":1,"10":1,"11":1,"12":1,"13":1,"14":1,"15":1,"16":1,"17":1,"18":0},"f":{"0":4,"1":1,"2":1,"3":1,"4":1},"b":{"0":[0],"1":[1,1,1,1,0],"2":[1,1],"3":[1,0],"4":[1,1]},"_coverageSchema":"43e27e138ebf9cfc5966b082cf9a028302ed4184","hash":"90fe8f5ab04b4136a61231211510e493008b19a4"}
,"/Users/chinmayajena/work/react/bookstore/src/reducers/FilterReducer.js": {"path":"/Users/chinmayajena/work/react/bookstore/src/reducers/FilterReducer.js","statementMap":{"0":{"start":{"line":8,"column":25},"end":{"line":13,"column":1}},"1":{"start":{"line":15,"column":25},"end":{"line":31,"column":1}},"2":{"start":{"line":16,"column":2},"end":{"line":30,"column":3}},"3":{"start":{"line":18,"column":6},"end":{"line":18,"column":47}},"4":{"start":{"line":20,"column":6},"end":{"line":20,"column":53}},"5":{"start":{"line":22,"column":6},"end":{"line":22,"column":51}},"6":{"start":{"line":24,"column":6},"end":{"line":27,"column":8}},"7":{"start":{"line":29,"column":6},"end":{"line":29,"column":19}}},"fnMap":{"0":{"name":"(anonymous_0)","decl":{"start":{"line":15,"column":25},"end":{"line":15,"column":26}},"loc":{"start":{"line":15,"column":65},"end":{"line":31,"column":1}},"line":15}},"branchMap":{"0":{"loc":{"start":{"line":15,"column":26},"end":{"line":15,"column":52}},"type":"default-arg","locations":[{"start":{"line":15,"column":34},"end":{"line":15,"column":52}}],"line":15},"1":{"loc":{"start":{"line":16,"column":2},"end":{"line":30,"column":3}},"type":"switch","locations":[{"start":{"line":17,"column":4},"end":{"line":18,"column":47}},{"start":{"line":19,"column":4},"end":{"line":20,"column":53}},{"start":{"line":21,"column":4},"end":{"line":22,"column":51}},{"start":{"line":23,"column":4},"end":{"line":27,"column":8}},{"start":{"line":28,"column":4},"end":{"line":29,"column":19}}],"line":16},"2":{"loc":{"start":{"line":26,"column":19},"end":{"line":26,"column":61}},"type":"cond-expr","locations":[{"start":{"line":26,"column":47},"end":{"line":26,"column":53}},{"start":{"line":26,"column":56},"end":{"line":26,"column":61}}],"line":26}},"s":{"0":1,"1":1,"2":4,"3":1,"4":1,"5":1,"6":1,"7":0},"f":{"0":4},"b":{"0":[0],"1":[1,1,1,1,0],"2":[1,0]},"_coverageSchema":"43e27e138ebf9cfc5966b082cf9a028302ed4184","hash":"832d60660e81e369019362fb4971514471e37a2e"}
,"/Users/chinmayajena/work/react/bookstore/src/reducers/index.js": {"path":"/Users/chinmayajena/work/react/bookstore/src/reducers/index.js","statementMap":{},"fnMap":{},"branchMap":{},"s":{},"f":{},"b":{}}
,"/Users/chinmayajena/work/react/bookstore/src/utils/ArraySearchUtil.js": {"path":"/Users/chinmayajena/work/react/bookstore/src/utils/ArraySearchUtil.js","statementMap":{"0":{"start":{"line":1,"column":31},"end":{"line":14,"column":1}},"1":{"start":{"line":2,"column":2},"end":{"line":2,"column":34}},"2":{"start":{"line":2,"column":21},"end":{"line":2,"column":34}},"3":{"start":{"line":3,"column":2},"end":{"line":13,"column":4}},"4":{"start":{"line":5,"column":6},"end":{"line":12,"column":19}},"5":{"start":{"line":6,"column":8},"end":{"line":11,"column":10}},"6":{"start":{"line":16,"column":29},"end":{"line":32,"column":1}},"7":{"start":{"line":17,"column":2},"end":{"line":31,"column":4}},"8":{"start":{"line":18,"column":4},"end":{"line":20,"column":5}},"9":{"start":{"line":19,"column":6},"end":{"line":19,"column":15}},"10":{"start":{"line":21,"column":17},"end":{"line":21,"column":75}},"11":{"start":{"line":22,"column":17},"end":{"line":22,"column":75}},"12":{"start":{"line":24,"column":21},"end":{"line":24,"column":22}},"13":{"start":{"line":25,"column":4},"end":{"line":29,"column":5}},"14":{"start":{"line":26,"column":6},"end":{"line":26,"column":21}},"15":{"start":{"line":27,"column":11},"end":{"line":29,"column":5}},"16":{"start":{"line":28,"column":6},"end":{"line":28,"column":22}},"17":{"start":{"line":30,"column":4},"end":{"line":30,"column":58}},"18":{"start":{"line":34,"column":27},"end":{"line":37,"column":1}},"19":{"start":{"line":35,"column":22},"end":{"line":35,"column":52}},"20":{"start":{"line":36,"column":2},"end":{"line":36,"column":67}}},"fnMap":{"0":{"name":"(anonymous_0)","decl":{"start":{"line":1,"column":31},"end":{"line":1,"column":32}},"loc":{"start":{"line":1,"column":50},"end":{"line":14,"column":1}},"line":1},"1":{"name":"(anonymous_1)","decl":{"start":{"line":4,"column":4},"end":{"line":4,"column":5}},"loc":{"start":{"line":5,"column":6},"end":{"line":12,"column":19}},"line":5},"2":{"name":"(anonymous_2)","decl":{"start":{"line":5,"column":33},"end":{"line":5,"column":34}},"loc":{"start":{"line":5,"column":47},"end":{"line":12,"column":7}},"line":5},"3":{"name":"(anonymous_3)","decl":{"start":{"line":16,"column":29},"end":{"line":16,"column":30}},"loc":{"start":{"line":16,"column":53},"end":{"line":32,"column":1}},"line":16},"4":{"name":"(anonymous_4)","decl":{"start":{"line":17,"column":9},"end":{"line":17,"column":10}},"loc":{"start":{"line":17,"column":24},"end":{"line":31,"column":3}},"line":17},"5":{"name":"(anonymous_5)","decl":{"start":{"line":34,"column":27},"end":{"line":34,"column":28}},"loc":{"start":{"line":34,"column":73},"end":{"line":37,"column":1}},"line":34}},"branchMap":{"0":{"loc":{"start":{"line":2,"column":2},"end":{"line":2,"column":34}},"type":"if","locations":[{"start":{"line":2,"column":2},"end":{"line":2,"column":34}},{"start":{"line":2,"column":2},"end":{"line":2,"column":34}}],"line":2},"1":{"loc":{"start":{"line":16,"column":35},"end":{"line":16,"column":48}},"type":"default-arg","locations":[{"start":{"line":16,"column":43},"end":{"line":16,"column":48}}],"line":16},"2":{"loc":{"start":{"line":18,"column":4},"end":{"line":20,"column":5}},"type":"if","locations":[{"start":{"line":18,"column":4},"end":{"line":20,"column":5}},{"start":{"line":18,"column":4},"end":{"line":20,"column":5}}],"line":18},"3":{"loc":{"start":{"line":18,"column":8},"end":{"line":18,"column":56}},"type":"binary-expr","locations":[{"start":{"line":18,"column":8},"end":{"line":18,"column":30}},{"start":{"line":18,"column":34},"end":{"line":18,"column":56}}],"line":18},"4":{"loc":{"start":{"line":21,"column":17},"end":{"line":21,"column":75}},"type":"cond-expr","locations":[{"start":{"line":21,"column":46},"end":{"line":21,"column":66}},{"start":{"line":21,"column":69},"end":{"line":21,"column":75}}],"line":21},"5":{"loc":{"start":{"line":22,"column":17},"end":{"line":22,"column":75}},"type":"cond-expr","locations":[{"start":{"line":22,"column":46},"end":{"line":22,"column":66}},{"start":{"line":22,"column":69},"end":{"line":22,"column":75}}],"line":22},"6":{"loc":{"start":{"line":25,"column":4},"end":{"line":29,"column":5}},"type":"if","locations":[{"start":{"line":25,"column":4},"end":{"line":29,"column":5}},{"start":{"line":25,"column":4},"end":{"line":29,"column":5}}],"line":25},"7":{"loc":{"start":{"line":27,"column":11},"end":{"line":29,"column":5}},"type":"if","locations":[{"start":{"line":27,"column":11},"end":{"line":29,"column":5}},{"start":{"line":27,"column":11},"end":{"line":29,"column":5}}],"line":27},"8":{"loc":{"start":{"line":30,"column":11},"end":{"line":30,"column":57}},"type":"cond-expr","locations":[{"start":{"line":30,"column":29},"end":{"line":30,"column":44}},{"start":{"line":30,"column":47},"end":{"line":30,"column":57}}],"line":30},"9":{"loc":{"start":{"line":34,"column":51},"end":{"line":34,"column":68}},"type":"default-arg","locations":[{"start":{"line":34,"column":63},"end":{"line":34,"column":68}}],"line":34}},"s":{"0":2,"1":2,"2":1,"3":1,"4":4,"5":28,"6":2,"7":2,"8":8,"9":0,"10":8,"11":8,"12":8,"13":8,"14":3,"15":5,"16":5,"17":8,"18":2,"19":1,"20":1},"f":{"0":2,"1":4,"2":28,"3":2,"4":8,"5":1},"b":{"0":[1,1],"1":[1],"2":[0,8],"3":[8,8],"4":[8,0],"5":[8,0],"6":[3,5],"7":[5,0],"8":[0,8],"9":[1]},"_coverageSchema":"43e27e138ebf9cfc5966b082cf9a028302ed4184","hash":"8bc5945429fedeadf594a677d7b1452f066a50ce"}
}
