TN:
SF:/Users/chinmayajena/work/react/bookstore/src/index.js
FNF:0
FNH:0
DA:13,0
DA:17,0
LF:2
LH:0
BRF:0
BRH:0
end_of_record
TN:
SF:/Users/chinmayajena/work/react/bookstore/src/setupTests.js
FNF:0
FNH:0
DA:4,0
LF:1
LH:0
BRF:0
BRH:0
end_of_record
TN:
SF:/Users/chinmayajena/work/react/bookstore/src/actions/actionCreators.js
FN:14,(anonymous_0)
FN:32,(anonymous_1)
FN:37,(anonymous_2)
FN:56,(anonymous_3)
FN:61,(anonymous_4)
FN:66,(anonymous_5)
FN:71,(anonymous_6)
FN:76,(anonymous_7)
FNF:8
FNH:8
FNDA:1,(anonymous_0)
FNDA:1,(anonymous_1)
FNDA:1,(anonymous_2)
FNDA:1,(anonymous_3)
FNDA:1,(anonymous_4)
FNDA:1,(anonymous_5)
FNDA:1,(anonymous_6)
FNDA:1,(anonymous_7)
DA:12,7
DA:14,7
DA:21,1
DA:32,7
DA:37,7
DA:45,1
DA:56,7
DA:61,7
DA:66,7
DA:71,7
DA:76,7
LF:11
LH:11
BRF:0
BRH:0
end_of_record
TN:
SF:/Users/chinmayajena/work/react/bookstore/src/actions/actionTypes.js
FNF:0
FNH:0
DA:1,9
DA:2,9
DA:3,9
DA:4,9
DA:5,9
DA:6,9
DA:7,9
DA:8,9
DA:9,9
LF:9
LH:9
BRF:0
BRH:0
end_of_record
TN:
SF:/Users/chinmayajena/work/react/bookstore/src/components/App.js
FN:18,(anonymous_0)
FNF:1
FNH:1
FNDA:1,(anonymous_0)
DA:18,1
DA:19,1
LF:2
LH:2
BRF:0
BRH:0
end_of_record
TN:
SF:/Users/chinmayajena/work/react/bookstore/src/components/CreateBookForm.js
FN:4,(anonymous_0)
FN:99,(anonymous_1)
FN:112,(anonymous_2)
FNF:3
FNH:3
FNDA:6,(anonymous_0)
FNDA:1,(anonymous_1)
FNDA:7,(anonymous_2)
DA:4,4
DA:5,6
DA:6,6
DA:99,4
DA:100,1
DA:101,1
DA:102,1
DA:103,1
DA:105,1
DA:106,1
DA:107,1
DA:109,1
DA:112,4
DA:118,7
DA:134,4
LF:15
LH:15
BRDA:101,0,0,1
BRDA:101,0,1,0
BRDA:105,1,0,1
BRDA:105,1,1,0
BRDA:127,2,0,7
BRDA:127,2,1,0
BRDA:127,2,2,0
BRDA:127,2,3,0
BRDA:127,2,4,0
BRF:9
BRH:3
end_of_record
TN:
SF:/Users/chinmayajena/work/react/bookstore/src/components/ErrorBoundary.js
FN:4,(anonymous_0)
FN:9,(anonymous_1)
FN:16,(anonymous_2)
FNF:3
FNH:2
FNDA:6,(anonymous_0)
FNDA:0,(anonymous_1)
FNDA:6,(anonymous_2)
DA:5,6
DA:6,6
DA:10,0
DA:17,6
DA:18,0
DA:29,6
LF:6
LH:4
BRDA:17,0,0,0
BRDA:17,0,1,6
BRDA:22,1,0,0
BRDA:22,1,1,0
BRF:4
BRH:1
end_of_record
TN:
SF:/Users/chinmayajena/work/react/bookstore/src/containers/AddBook.js
FN:10,(anonymous_0)
FN:16,(anonymous_1)
FN:25,(anonymous_2)
FNF:3
FNH:3
FNDA:1,(anonymous_0)
FNDA:3,(anonymous_1)
FNDA:1,(anonymous_2)
DA:11,1
DA:12,1
DA:13,1
DA:17,3
DA:25,2
DA:26,1
LF:6
LH:6
BRF:0
BRH:0
end_of_record
TN:
SF:/Users/chinmayajena/work/react/bookstore/src/containers/BookStoreFilter.js
FN:8,(anonymous_0)
FN:15,(anonymous_1)
FN:26,(anonymous_2)
FN:34,(anonymous_3)
FN:42,(anonymous_4)
FN:48,mapDispatchToProps
FNF:6
FNH:6
FNDA:5,(anonymous_0)
FNDA:1,(anonymous_1)
FNDA:1,(anonymous_2)
FNDA:1,(anonymous_3)
FNDA:1,(anonymous_4)
FNDA:1,mapDispatchToProps
DA:9,5
DA:10,5
DA:15,1
DA:26,1
DA:34,1
DA:42,2
DA:43,1
DA:49,1
LF:8
LH:8
BRDA:28,0,0,5
BRDA:28,0,1,4
BRF:2
BRH:2
end_of_record
TN:
SF:/Users/chinmayajena/work/react/bookstore/src/containers/BookStoreGridView.js
FN:14,(anonymous_0)
FN:18,(anonymous_1)
FN:23,(anonymous_2)
FN:29,(anonymous_3)
FN:34,(anonymous_4)
FN:37,(anonymous_5)
FN:59,(anonymous_6)
FN:66,(anonymous_7)
FN:74,(anonymous_8)
FN:106,(anonymous_9)
FN:117,(anonymous_10)
FNF:11
FNH:11
FNDA:5,(anonymous_0)
FNDA:1,(anonymous_1)
FNDA:1,(anonymous_2)
FNDA:1,(anonymous_3)
FNDA:5,(anonymous_4)
FNDA:25,(anonymous_5)
FNDA:1,(anonymous_6)
FNDA:1,(anonymous_7)
FNDA:1,(anonymous_8)
FNDA:1,(anonymous_9)
FNDA:1,(anonymous_10)
DA:15,5
DA:19,1
DA:20,1
DA:24,1
DA:25,1
DA:26,1
DA:30,1
DA:31,1
DA:35,5
DA:37,5
DA:38,25
DA:59,1
DA:66,1
DA:74,1
DA:85,5
DA:106,2
DA:107,1
DA:117,2
DA:118,1
LF:19
LH:19
BRDA:69,0,0,25
BRDA:69,0,1,5
BRDA:70,1,0,25
BRDA:70,1,1,20
BRDA:88,2,0,5
BRDA:88,2,1,0
BRDA:88,3,0,5
BRDA:88,3,1,5
BRF:8
BRH:7
end_of_record
TN:
SF:/Users/chinmayajena/work/react/bookstore/src/containers/BookStoreListView.js
FN:12,(anonymous_0)
FN:16,(anonymous_1)
FN:21,(anonymous_2)
FN:27,(anonymous_3)
FN:32,(anonymous_4)
FN:51,(anonymous_5)
FN:68,(anonymous_6)
FN:75,(anonymous_7)
FN:83,(anonymous_8)
FN:110,(anonymous_9)
FN:121,(anonymous_10)
FNF:11
FNH:11
FNDA:5,(anonymous_0)
FNDA:1,(anonymous_1)
FNDA:1,(anonymous_2)
FNDA:1,(anonymous_3)
FNDA:5,(anonymous_4)
FNDA:25,(anonymous_5)
FNDA:1,(anonymous_6)
FNDA:1,(anonymous_7)
FNDA:1,(anonymous_8)
FNDA:1,(anonymous_9)
FNDA:1,(anonymous_10)
DA:13,5
DA:17,1
DA:18,1
DA:22,1
DA:23,1
DA:24,1
DA:28,1
DA:29,1
DA:33,5
DA:52,25
DA:68,1
DA:75,1
DA:83,1
DA:110,2
DA:111,1
DA:121,2
DA:122,1
LF:17
LH:17
BRDA:37,0,0,5
BRDA:37,0,1,0
BRDA:37,1,0,5
BRDA:37,1,1,5
BRDA:59,2,0,5
BRDA:59,2,1,20
BRDA:78,3,0,25
BRDA:78,3,1,5
BRDA:79,4,0,25
BRDA:79,4,1,20
BRF:10
BRH:9
end_of_record
TN:
SF:/Users/chinmayajena/work/react/bookstore/src/containers/EditBook.js
FN:10,(anonymous_0)
FN:16,(anonymous_1)
FN:28,(anonymous_2)
FN:37,(anonymous_3)
FN:38,(anonymous_4)
FN:43,(anonymous_5)
FNF:6
FNH:4
FNDA:0,(anonymous_0)
FNDA:2,(anonymous_1)
FNDA:1,(anonymous_2)
FNDA:1,(anonymous_3)
FNDA:0,(anonymous_4)
FNDA:1,(anonymous_5)
DA:11,0
DA:12,0
DA:13,0
DA:17,2
DA:28,2
DA:29,1
DA:37,2
DA:38,1
DA:39,1
DA:43,1
LF:10
LH:7
BRDA:37,0,0,0
BRDA:39,1,0,0
BRDA:39,1,1,1
BRF:3
BRH:1
end_of_record
TN:
SF:/Users/chinmayajena/work/react/bookstore/src/reducers/BookReducer.js
FN:57,(anonymous_0)
FN:76,(anonymous_1)
FN:79,(anonymous_2)
FN:85,(anonymous_3)
FN:88,(anonymous_4)
FNF:5
FNH:5
FNDA:4,(anonymous_0)
FNDA:1,(anonymous_1)
FNDA:1,(anonymous_2)
FNDA:1,(anonymous_3)
FNDA:1,(anonymous_4)
DA:8,1
DA:57,1
DA:58,4
DA:60,4
DA:62,1
DA:76,1
DA:79,1
DA:80,1
DA:81,1
DA:82,1
DA:83,1
DA:85,1
DA:88,1
DA:89,1
DA:103,0
LF:15
LH:14
BRDA:57,0,0,0
BRDA:60,1,0,1
BRDA:60,1,1,1
BRDA:60,1,2,1
BRDA:60,1,3,1
BRDA:60,1,4,0
BRDA:71,2,0,1
BRDA:71,2,1,1
BRDA:81,3,0,1
BRDA:81,3,1,0
BRDA:98,4,0,1
BRDA:98,4,1,1
BRF:12
BRH:9
end_of_record
TN:
SF:/Users/chinmayajena/work/react/bookstore/src/reducers/FilterReducer.js
FN:15,(anonymous_0)
FNF:1
FNH:1
FNDA:4,(anonymous_0)
DA:8,1
DA:15,1
DA:16,4
DA:18,1
DA:20,1
DA:22,1
DA:24,1
DA:29,0
LF:8
LH:7
BRDA:15,0,0,0
BRDA:16,1,0,1
BRDA:16,1,1,1
BRDA:16,1,2,1
BRDA:16,1,3,1
BRDA:16,1,4,0
BRDA:26,2,0,1
BRDA:26,2,1,0
BRF:8
BRH:5
end_of_record
TN:
SF:/Users/chinmayajena/work/react/bookstore/src/reducers/index.js
FNF:0
FNH:0
LF:0
LH:0
BRF:0
BRH:0
end_of_record
TN:
SF:/Users/chinmayajena/work/react/bookstore/src/utils/ArraySearchUtil.js
FN:1,(anonymous_0)
FN:4,(anonymous_1)
FN:5,(anonymous_2)
FN:16,(anonymous_3)
FN:17,(anonymous_4)
FN:34,(anonymous_5)
FNF:6
FNH:6
FNDA:4,(anonymous_0)
FNDA:4,(anonymous_1)
FNDA:28,(anonymous_2)
FNDA:4,(anonymous_3)
FNDA:26,(anonymous_4)
FNDA:3,(anonymous_5)
DA:1,4
DA:2,4
DA:3,1
DA:5,4
DA:6,28
DA:16,4
DA:17,4
DA:18,26
DA:19,0
DA:21,26
DA:22,26
DA:24,26
DA:25,26
DA:26,15
DA:27,11
DA:28,11
DA:30,26
DA:34,4
DA:35,3
DA:36,3
LF:20
LH:19
BRDA:2,0,0,3
BRDA:2,0,1,1
BRDA:16,1,0,1
BRDA:18,2,0,0
BRDA:18,2,1,26
BRDA:18,3,0,26
BRDA:18,3,1,26
BRDA:21,4,0,26
BRDA:21,4,1,0
BRDA:22,5,0,26
BRDA:22,5,1,0
BRDA:25,6,0,15
BRDA:25,6,1,11
BRDA:27,7,0,11
BRDA:27,7,1,0
BRDA:30,8,0,0
BRDA:30,8,1,26
BRDA:34,9,0,1
BRF:18
BRH:13
end_of_record
